[0.000][INFO]:      ChromeDriver 21.0.1180.4 /Users/danielforkosh/Downloads/chromedriver
[0.221][FINE]:      Initializing session with capabilities {
   "browserName": "chrome",
   "chrome.detach": true,
   "chromeOptions": {
      "detach": true
   },
   "cssSelectorsEnabled": true,
   "javascriptEnabled": true,
   "nativeEvents": false,
   "platform": "ANY",
   "rotatable": false,
   "takesScreenshot": false,
   "version": ""
}

[0.222][INFO]:      Using named testing interface
[0.876][INFO]:      Connected to Chrome successfully. Version: 25.0.1364.152
[0.911][FINE]:      Command received (/session/2793c26c9aa3e456689bab62546b9217)
[0.912][FINE]:      Command finished (/session/2793c26c9aa3e456689bab62546b9217) with response {
   "sessionId": "2793c26c9aa3e456689bab62546b9217",
   "status": 0,
   "value": {
      "acceptSslCerts": false,
      "applicationCacheEnabled": false,
      "browserConnectionEnabled": false,
      "browserName": "chrome",
      "chrome.chromedriverVersion": "21.0.1180.4",
      "chrome.nativeEvents": false,
      "cssSelectorsEnabled": true,
      "databaseEnabled": false,
      "handlesAlerts": true,
      "javascriptEnabled": true,
      "locationContextEnabled": false,
      "nativeEvents": true,
      "platform": "mac",
      "rotatable": false,
      "takesScreenshot": true,
      "version": "25.0.1364.152",
      "webStorageEnabled": true
   }
}

[0.914][FINE]:      Command received (/session/2793c26c9aa3e456689bab62546b9217/url) with params {
   "url": "https://kurrenci.com"
}

[0.914][FINER]:     Waiting for all views to stop loading...
[0.914][FINER]:     Done waiting for all views to stop loading
[12.217][FINER]:    Waiting for all views to stop loading...
[12.217][FINER]:    Done waiting for all views to stop loading
[12.217][FINE]:     Command finished (/session/2793c26c9aa3e456689bab62546b9217/url) with response {
   "sessionId": "2793c26c9aa3e456689bab62546b9217",
   "status": 0,
   "value": {

   }
}

[12.218][FINE]:     Command received (/session/2793c26c9aa3e456689bab62546b9217/url)
[12.218][FINER]:    Waiting for all views to stop loading...
[12.219][FINER]:    Done waiting for all views to stop loading
[12.221][FINER]:    Waiting for all views to stop loading...
[12.221][FINER]:    Done waiting for all views to stop loading
[12.221][FINE]:     Command finished (/session/2793c26c9aa3e456689bab62546b9217/url) with response {
   "sessionId": "2793c26c9aa3e456689bab62546b9217",
   "status": 0,
   "value": "https://kurrenci.com/visitorpage.aspx?ReturnUrl=%2f"
}

[12.223][FINE]:     Command received (/session/2793c26c9aa3e456689bab62546b9217/frame) with params {
   "id": null
}

[12.223][FINER]:    Waiting for all views to stop loading...
[12.223][FINER]:    Done waiting for all views to stop loading
[12.223][FINER]:    Waiting for all views to stop loading...
[12.223][FINER]:    Done waiting for all views to stop loading
[12.224][FINE]:     Command finished (/session/2793c26c9aa3e456689bab62546b9217/frame) with response {
   "sessionId": "2793c26c9aa3e456689bab62546b9217",
   "status": 0,
   "value": {

   }
}

[12.225][FINE]:     Command received (/session/2793c26c9aa3e456689bab62546b9217/element) with params {
   "using": "xpath",
   "value": ".//a[contains(concat(' ', @class, ' '), ' signup-btn ')]"
}

[12.225][FINER]:    Waiting for all views to stop loading...
[12.225][FINER]:    Done waiting for all views to stop loading
[12.237][FINER]:    Waiting for all views to stop loading...
[12.237][FINER]:    Done waiting for all views to stop loading
[12.237][FINE]:     Command finished (/session/2793c26c9aa3e456689bab62546b9217/element) with response {
   "sessionId": "2793c26c9aa3e456689bab62546b9217",
   "status": 0,
   "value": {
      "ELEMENT": ":wdc:1362294381461"
   }
}

[12.240][FINE]:     Command received (/session/2793c26c9aa3e456689bab62546b9217/element/:wdc:1362294381461/name)
[12.240][FINER]:    Waiting for all views to stop loading...
[12.240][FINER]:    Done waiting for all views to stop loading
[12.243][FINER]:    Waiting for all views to stop loading...
[12.244][FINER]:    Done waiting for all views to stop loading
[12.244][FINE]:     Command finished (/session/2793c26c9aa3e456689bab62546b9217/element/:wdc:1362294381461/name) with response {
   "sessionId": "2793c26c9aa3e456689bab62546b9217",
   "status": 0,
   "value": "a"
}

[12.244][FINE]:     Command received (/session/2793c26c9aa3e456689bab62546b9217/element/:wdc:1362294381461/enabled)
[12.244][FINER]:    Waiting for all views to stop loading...
[12.245][FINER]:    Done waiting for all views to stop loading
[12.263][FINER]:    Waiting for all views to stop loading...
[12.263][FINER]:    Done waiting for all views to stop loading
[12.263][FINE]:     Command finished (/session/2793c26c9aa3e456689bab62546b9217/element/:wdc:1362294381461/enabled) with response {
   "sessionId": "2793c26c9aa3e456689bab62546b9217",
   "status": 0,
   "value": true
}

[12.264][FINE]:     Command received (/session/2793c26c9aa3e456689bab62546b9217/element/:wdc:1362294381461/click) with params {

}

[12.264][FINER]:    Waiting for all views to stop loading...
[12.265][FINER]:    Done waiting for all views to stop loading
[12.342][FINER]:    Waiting for all views to stop loading...
[12.994][FINER]:    Done waiting for all views to stop loading
[12.994][FINE]:     Command finished (/session/2793c26c9aa3e456689bab62546b9217/element/:wdc:1362294381461/click) with response {
   "sessionId": "2793c26c9aa3e456689bab62546b9217",
   "status": 0,
   "value": {

   }
}

[13.046][FINE]:     Command received (/session/2793c26c9aa3e456689bab62546b9217/frame) with params {
   "id": null
}

[13.046][FINER]:    Waiting for all views to stop loading...
[13.100][FINER]:    Done waiting for all views to stop loading
[13.100][FINER]:    Waiting for all views to stop loading...
[13.101][FINER]:    Done waiting for all views to stop loading
[13.101][FINE]:     Command finished (/session/2793c26c9aa3e456689bab62546b9217/frame) with response {
   "sessionId": "2793c26c9aa3e456689bab62546b9217",
   "status": 0,
   "value": {

   }
}

[13.102][FINE]:     Command received (/session/2793c26c9aa3e456689bab62546b9217/element) with params {
   "using": "id",
   "value": "txtFirstname"
}

[13.102][FINER]:    Waiting for all views to stop loading...
[13.102][FINER]:    Done waiting for all views to stop loading
[13.121][FINER]:    Waiting for all views to stop loading...
[13.121][FINER]:    Done waiting for all views to stop loading
[13.121][FINE]:     Command finished (/session/2793c26c9aa3e456689bab62546b9217/element) with response {
   "sessionId": "2793c26c9aa3e456689bab62546b9217",
   "status": 0,
   "value": {
      "ELEMENT": ":wdc:1362294382347"
   }
}

[13.122][FINE]:     Command received (/session/2793c26c9aa3e456689bab62546b9217/element/:wdc:1362294382347/name)
[13.122][FINER]:    Waiting for all views to stop loading...
[13.122][FINER]:    Done waiting for all views to stop loading
[13.125][FINER]:    Waiting for all views to stop loading...
[13.125][FINER]:    Done waiting for all views to stop loading
[13.125][FINE]:     Command finished (/session/2793c26c9aa3e456689bab62546b9217/element/:wdc:1362294382347/name) with response {
   "sessionId": "2793c26c9aa3e456689bab62546b9217",
   "status": 0,
   "value": "input"
}

[13.126][FINE]:     Command received (/session/2793c26c9aa3e456689bab62546b9217/element/:wdc:1362294382347/attribute/type)
[13.126][FINER]:    Waiting for all views to stop loading...
[13.126][FINER]:    Done waiting for all views to stop loading
[13.145][FINER]:    Waiting for all views to stop loading...
[13.146][FINER]:    Done waiting for all views to stop loading
[13.146][FINE]:     Command finished (/session/2793c26c9aa3e456689bab62546b9217/element/:wdc:1362294382347/attribute/type) with response {
   "sessionId": "2793c26c9aa3e456689bab62546b9217",
   "status": 0,
   "value": "text"
}

[13.146][FINE]:     Command received (/session/2793c26c9aa3e456689bab62546b9217/element/:wdc:1362294382347/name)
[13.146][FINER]:    Waiting for all views to stop loading...
[13.147][FINER]:    Done waiting for all views to stop loading
[13.148][FINER]:    Waiting for all views to stop loading...
[13.148][FINER]:    Done waiting for all views to stop loading
[13.148][FINE]:     Command finished (/session/2793c26c9aa3e456689bab62546b9217/element/:wdc:1362294382347/name) with response {
   "sessionId": "2793c26c9aa3e456689bab62546b9217",
   "status": 0,
   "value": "input"
}

[13.150][FINE]:     Command received (/session/2793c26c9aa3e456689bab62546b9217/frame) with params {
   "id": null
}

[13.150][FINER]:    Waiting for all views to stop loading...
[13.150][FINER]:    Done waiting for all views to stop loading
[13.150][FINER]:    Waiting for all views to stop loading...
[13.150][FINER]:    Done waiting for all views to stop loading
[13.150][FINE]:     Command finished (/session/2793c26c9aa3e456689bab62546b9217/frame) with response {
   "sessionId": "2793c26c9aa3e456689bab62546b9217",
   "status": 0,
   "value": {

   }
}

[13.151][FINE]:     Command received (/session/2793c26c9aa3e456689bab62546b9217/element) with params {
   "using": "id",
   "value": "txtFirstname"
}

[13.151][FINER]:    Waiting for all views to stop loading...
[13.151][FINER]:    Done waiting for all views to stop loading
[13.154][FINER]:    Waiting for all views to stop loading...
[13.154][FINER]:    Done waiting for all views to stop loading
[13.154][FINE]:     Command finished (/session/2793c26c9aa3e456689bab62546b9217/element) with response {
   "sessionId": "2793c26c9aa3e456689bab62546b9217",
   "status": 0,
   "value": {
      "ELEMENT": ":wdc:1362294382347"
   }
}

[13.155][FINE]:     Command received (/session/2793c26c9aa3e456689bab62546b9217/element/:wdc:1362294382347/name)
[13.155][FINER]:    Waiting for all views to stop loading...
[13.155][FINER]:    Done waiting for all views to stop loading
[13.156][FINER]:    Waiting for all views to stop loading...
[13.156][FINER]:    Done waiting for all views to stop loading
[13.156][FINE]:     Command finished (/session/2793c26c9aa3e456689bab62546b9217/element/:wdc:1362294382347/name) with response {
   "sessionId": "2793c26c9aa3e456689bab62546b9217",
   "status": 0,
   "value": "input"
}

[13.157][FINE]:     Command received (/session/2793c26c9aa3e456689bab62546b9217/element/:wdc:1362294382347/attribute/type)
[13.157][FINER]:    Waiting for all views to stop loading...
[13.157][FINER]:    Done waiting for all views to stop loading
[13.162][FINER]:    Waiting for all views to stop loading...
[13.162][FINER]:    Done waiting for all views to stop loading
[13.162][FINE]:     Command finished (/session/2793c26c9aa3e456689bab62546b9217/element/:wdc:1362294382347/attribute/type) with response {
   "sessionId": "2793c26c9aa3e456689bab62546b9217",
   "status": 0,
   "value": "text"
}

[13.163][FINE]:     Command received (/session/2793c26c9aa3e456689bab62546b9217/element/:wdc:1362294382347/attribute/disabled)
[13.163][FINER]:    Waiting for all views to stop loading...
[13.163][FINER]:    Done waiting for all views to stop loading
[13.181][FINER]:    Waiting for all views to stop loading...
[13.181][FINER]:    Done waiting for all views to stop loading
[13.181][FINE]:     Command finished (/session/2793c26c9aa3e456689bab62546b9217/element/:wdc:1362294382347/attribute/disabled) with response {
   "sessionId": "2793c26c9aa3e456689bab62546b9217",
   "status": 0,
   "value": null
}

[13.182][FINE]:     Command received (/session/2793c26c9aa3e456689bab62546b9217/frame) with params {
   "id": null
}

[13.182][FINER]:    Waiting for all views to stop loading...
[13.183][FINER]:    Done waiting for all views to stop loading
[13.183][FINER]:    Waiting for all views to stop loading...
[13.183][FINER]:    Done waiting for all views to stop loading
[13.183][FINE]:     Command finished (/session/2793c26c9aa3e456689bab62546b9217/frame) with response {
   "sessionId": "2793c26c9aa3e456689bab62546b9217",
   "status": 0,
   "value": {

   }
}

[13.184][FINE]:     Command received (/session/2793c26c9aa3e456689bab62546b9217/element) with params {
   "using": "id",
   "value": "txtFirstname"
}

[13.184][FINER]:    Waiting for all views to stop loading...
[13.184][FINER]:    Done waiting for all views to stop loading
[13.186][FINER]:    Waiting for all views to stop loading...
[13.187][FINER]:    Done waiting for all views to stop loading
[13.187][FINE]:     Command finished (/session/2793c26c9aa3e456689bab62546b9217/element) with response {
   "sessionId": "2793c26c9aa3e456689bab62546b9217",
   "status": 0,
   "value": {
      "ELEMENT": ":wdc:1362294382347"
   }
}

[13.188][FINE]:     Command received (/session/2793c26c9aa3e456689bab62546b9217/element/:wdc:1362294382347/name)
[13.188][FINER]:    Waiting for all views to stop loading...
[13.188][FINER]:    Done waiting for all views to stop loading
[13.189][FINER]:    Waiting for all views to stop loading...
[13.189][FINER]:    Done waiting for all views to stop loading
[13.189][FINE]:     Command finished (/session/2793c26c9aa3e456689bab62546b9217/element/:wdc:1362294382347/name) with response {
   "sessionId": "2793c26c9aa3e456689bab62546b9217",
   "status": 0,
   "value": "input"
}

[13.190][FINE]:     Command received (/session/2793c26c9aa3e456689bab62546b9217/element/:wdc:1362294382347/attribute/type)
[13.190][FINER]:    Waiting for all views to stop loading...
[13.190][FINER]:    Done waiting for all views to stop loading
[13.194][FINER]:    Waiting for all views to stop loading...
[13.195][FINER]:    Done waiting for all views to stop loading
[13.195][FINE]:     Command finished (/session/2793c26c9aa3e456689bab62546b9217/element/:wdc:1362294382347/attribute/type) with response {
   "sessionId": "2793c26c9aa3e456689bab62546b9217",
   "status": 0,
   "value": "text"
}

[13.196][FINE]:     Command received (/session/2793c26c9aa3e456689bab62546b9217/element/:wdc:1362294382347/enabled)
[13.196][FINER]:    Waiting for all views to stop loading...
[13.196][FINER]:    Done waiting for all views to stop loading
[13.200][FINER]:    Waiting for all views to stop loading...
[13.200][FINER]:    Done waiting for all views to stop loading
[13.200][FINE]:     Command finished (/session/2793c26c9aa3e456689bab62546b9217/element/:wdc:1362294382347/enabled) with response {
   "sessionId": "2793c26c9aa3e456689bab62546b9217",
   "status": 0,
   "value": true
}

[13.201][FINE]:     Command received (/session/2793c26c9aa3e456689bab62546b9217/frame) with params {
   "id": null
}

[13.201][FINER]:    Waiting for all views to stop loading...
[13.201][FINER]:    Done waiting for all views to stop loading
[13.201][FINER]:    Waiting for all views to stop loading...
[13.201][FINER]:    Done waiting for all views to stop loading
[13.201][FINE]:     Command finished (/session/2793c26c9aa3e456689bab62546b9217/frame) with response {
   "sessionId": "2793c26c9aa3e456689bab62546b9217",
   "status": 0,
   "value": {

   }
}

[13.202][FINE]:     Command received (/session/2793c26c9aa3e456689bab62546b9217/element) with params {
   "using": "id",
   "value": "txtFirstname"
}

[13.202][FINER]:    Waiting for all views to stop loading...
[13.202][FINER]:    Done waiting for all views to stop loading
[13.205][FINER]:    Waiting for all views to stop loading...
[13.205][FINER]:    Done waiting for all views to stop loading
[13.205][FINE]:     Command finished (/session/2793c26c9aa3e456689bab62546b9217/element) with response {
   "sessionId": "2793c26c9aa3e456689bab62546b9217",
   "status": 0,
   "value": {
      "ELEMENT": ":wdc:1362294382347"
   }
}

[13.206][FINE]:     Command received (/session/2793c26c9aa3e456689bab62546b9217/element/:wdc:1362294382347/name)
[13.206][FINER]:    Waiting for all views to stop loading...
[13.206][FINER]:    Done waiting for all views to stop loading
[13.207][FINER]:    Waiting for all views to stop loading...
[13.207][FINER]:    Done waiting for all views to stop loading
[13.207][FINE]:     Command finished (/session/2793c26c9aa3e456689bab62546b9217/element/:wdc:1362294382347/name) with response {
   "sessionId": "2793c26c9aa3e456689bab62546b9217",
   "status": 0,
   "value": "input"
}

[13.208][FINE]:     Command received (/session/2793c26c9aa3e456689bab62546b9217/element/:wdc:1362294382347/attribute/type)
[13.208][FINER]:    Waiting for all views to stop loading...
[13.208][FINER]:    Done waiting for all views to stop loading
[13.212][FINER]:    Waiting for all views to stop loading...
[13.213][FINER]:    Done waiting for all views to stop loading
[13.213][FINE]:     Command finished (/session/2793c26c9aa3e456689bab62546b9217/element/:wdc:1362294382347/attribute/type) with response {
   "sessionId": "2793c26c9aa3e456689bab62546b9217",
   "status": 0,
   "value": "text"
}

[13.214][FINE]:     Command received (/session/2793c26c9aa3e456689bab62546b9217/element/:wdc:1362294382347/attribute/readonly)
[13.214][FINER]:    Waiting for all views to stop loading...
[13.214][FINER]:    Done waiting for all views to stop loading
[13.232][FINER]:    Waiting for all views to stop loading...
[13.232][FINER]:    Done waiting for all views to stop loading
[13.232][FINE]:     Command finished (/session/2793c26c9aa3e456689bab62546b9217/element/:wdc:1362294382347/attribute/readonly) with response {
   "sessionId": "2793c26c9aa3e456689bab62546b9217",
   "status": 0,
   "value": null
}

[13.233][FINE]:     Command received (/session/2793c26c9aa3e456689bab62546b9217/element/:wdc:1362294382347/clear) with params {

}

[13.233][FINER]:    Waiting for all views to stop loading...
[13.233][FINER]:    Done waiting for all views to stop loading
[13.253][FINER]:    Waiting for all views to stop loading...
[13.253][FINER]:    Done waiting for all views to stop loading
[13.253][FINE]:     Command finished (/session/2793c26c9aa3e456689bab62546b9217/element/:wdc:1362294382347/clear) with response {
   "sessionId": "2793c26c9aa3e456689bab62546b9217",
   "status": 0,
   "value": null
}

[13.254][FINE]:     Command received (/session/2793c26c9aa3e456689bab62546b9217/element/:wdc:1362294382347/value) with params {
   "value": [ "Grayce" ]
}

[13.254][FINER]:    Waiting for all views to stop loading...
[13.254][FINER]:    Done waiting for all views to stop loading
[13.467][FINER]:    Waiting for all views to stop loading...
[13.467][FINER]:    Done waiting for all views to stop loading
[13.467][FINE]:     Command finished (/session/2793c26c9aa3e456689bab62546b9217/element/:wdc:1362294382347/value) with response {
   "sessionId": "2793c26c9aa3e456689bab62546b9217",
   "status": 0,
   "value": {

   }
}

[13.469][FINE]:     Command received (/session/2793c26c9aa3e456689bab62546b9217/frame) with params {
   "id": null
}

[13.469][FINER]:    Waiting for all views to stop loading...
[13.469][FINER]:    Done waiting for all views to stop loading
[13.469][FINER]:    Waiting for all views to stop loading...
[13.470][FINER]:    Done waiting for all views to stop loading
[13.470][FINE]:     Command finished (/session/2793c26c9aa3e456689bab62546b9217/frame) with response {
   "sessionId": "2793c26c9aa3e456689bab62546b9217",
   "status": 0,
   "value": {

   }
}

[13.470][FINE]:     Command received (/session/2793c26c9aa3e456689bab62546b9217/element) with params {
   "using": "id",
   "value": "txtLastname"
}

[13.470][FINER]:    Waiting for all views to stop loading...
[13.470][FINER]:    Done waiting for all views to stop loading
[13.480][FINER]:    Waiting for all views to stop loading...
[13.480][FINER]:    Done waiting for all views to stop loading
[13.480][FINE]:     Command finished (/session/2793c26c9aa3e456689bab62546b9217/element) with response {
   "sessionId": "2793c26c9aa3e456689bab62546b9217",
   "status": 0,
   "value": {
      "ELEMENT": ":wdc:1362294382348"
   }
}

[13.481][FINE]:     Command received (/session/2793c26c9aa3e456689bab62546b9217/element/:wdc:1362294382348/name)
[13.481][FINER]:    Waiting for all views to stop loading...
[13.481][FINER]:    Done waiting for all views to stop loading
[13.483][FINER]:    Waiting for all views to stop loading...
[13.484][FINER]:    Done waiting for all views to stop loading
[13.484][FINE]:     Command finished (/session/2793c26c9aa3e456689bab62546b9217/element/:wdc:1362294382348/name) with response {
   "sessionId": "2793c26c9aa3e456689bab62546b9217",
   "status": 0,
   "value": "input"
}

[13.484][FINE]:     Command received (/session/2793c26c9aa3e456689bab62546b9217/element/:wdc:1362294382348/attribute/type)
[13.484][FINER]:    Waiting for all views to stop loading...
[13.485][FINER]:    Done waiting for all views to stop loading
[13.502][FINER]:    Waiting for all views to stop loading...
[13.503][FINER]:    Done waiting for all views to stop loading
[13.503][FINE]:     Command finished (/session/2793c26c9aa3e456689bab62546b9217/element/:wdc:1362294382348/attribute/type) with response {
   "sessionId": "2793c26c9aa3e456689bab62546b9217",
   "status": 0,
   "value": "text"
}

[13.503][FINE]:     Command received (/session/2793c26c9aa3e456689bab62546b9217/element/:wdc:1362294382348/name)
[13.503][FINER]:    Waiting for all views to stop loading...
[13.504][FINER]:    Done waiting for all views to stop loading
[13.505][FINER]:    Waiting for all views to stop loading...
[13.505][FINER]:    Done waiting for all views to stop loading
[13.505][FINE]:     Command finished (/session/2793c26c9aa3e456689bab62546b9217/element/:wdc:1362294382348/name) with response {
   "sessionId": "2793c26c9aa3e456689bab62546b9217",
   "status": 0,
   "value": "input"
}

[13.506][FINE]:     Command received (/session/2793c26c9aa3e456689bab62546b9217/frame) with params {
   "id": null
}

[13.506][FINER]:    Waiting for all views to stop loading...
[13.506][FINER]:    Done waiting for all views to stop loading
[13.506][FINER]:    Waiting for all views to stop loading...
[13.506][FINER]:    Done waiting for all views to stop loading
[13.506][FINE]:     Command finished (/session/2793c26c9aa3e456689bab62546b9217/frame) with response {
   "sessionId": "2793c26c9aa3e456689bab62546b9217",
   "status": 0,
   "value": {

   }
}

[13.507][FINE]:     Command received (/session/2793c26c9aa3e456689bab62546b9217/element) with params {
   "using": "id",
   "value": "txtLastname"
}

[13.507][FINER]:    Waiting for all views to stop loading...
[13.507][FINER]:    Done waiting for all views to stop loading
[13.510][FINER]:    Waiting for all views to stop loading...
[13.510][FINER]:    Done waiting for all views to stop loading
[13.510][FINE]:     Command finished (/session/2793c26c9aa3e456689bab62546b9217/element) with response {
   "sessionId": "2793c26c9aa3e456689bab62546b9217",
   "status": 0,
   "value": {
      "ELEMENT": ":wdc:1362294382348"
   }
}

[13.511][FINE]:     Command received (/session/2793c26c9aa3e456689bab62546b9217/element/:wdc:1362294382348/name)
[13.511][FINER]:    Waiting for all views to stop loading...
[13.511][FINER]:    Done waiting for all views to stop loading
[13.512][FINER]:    Waiting for all views to stop loading...
[13.512][FINER]:    Done waiting for all views to stop loading
[13.512][FINE]:     Command finished (/session/2793c26c9aa3e456689bab62546b9217/element/:wdc:1362294382348/name) with response {
   "sessionId": "2793c26c9aa3e456689bab62546b9217",
   "status": 0,
   "value": "input"
}

[13.513][FINE]:     Command received (/session/2793c26c9aa3e456689bab62546b9217/element/:wdc:1362294382348/attribute/type)
[13.513][FINER]:    Waiting for all views to stop loading...
[13.513][FINER]:    Done waiting for all views to stop loading
[13.518][FINER]:    Waiting for all views to stop loading...
[13.519][FINER]:    Done waiting for all views to stop loading
[13.519][FINE]:     Command finished (/session/2793c26c9aa3e456689bab62546b9217/element/:wdc:1362294382348/attribute/type) with response {
   "sessionId": "2793c26c9aa3e456689bab62546b9217",
   "status": 0,
   "value": "text"
}

[13.520][FINE]:     Command received (/session/2793c26c9aa3e456689bab62546b9217/element/:wdc:1362294382348/attribute/disabled)
[13.520][FINER]:    Waiting for all views to stop loading...
[13.520][FINER]:    Done waiting for all views to stop loading
[13.538][FINER]:    Waiting for all views to stop loading...
[13.538][FINER]:    Done waiting for all views to stop loading
[13.538][FINE]:     Command finished (/session/2793c26c9aa3e456689bab62546b9217/element/:wdc:1362294382348/attribute/disabled) with response {
   "sessionId": "2793c26c9aa3e456689bab62546b9217",
   "status": 0,
   "value": null
}

[13.539][FINE]:     Command received (/session/2793c26c9aa3e456689bab62546b9217/frame) with params {
   "id": null
}

[13.540][FINER]:    Waiting for all views to stop loading...
[13.540][FINER]:    Done waiting for all views to stop loading
[13.540][FINER]:    Waiting for all views to stop loading...
[13.540][FINER]:    Done waiting for all views to stop loading
[13.540][FINE]:     Command finished (/session/2793c26c9aa3e456689bab62546b9217/frame) with response {
   "sessionId": "2793c26c9aa3e456689bab62546b9217",
   "status": 0,
   "value": {

   }
}

[13.560][FINE]:     Command received (/session/2793c26c9aa3e456689bab62546b9217/element) with params {
   "using": "id",
   "value": "txtLastname"
}

[13.560][FINER]:    Waiting for all views to stop loading...
[13.560][FINER]:    Done waiting for all views to stop loading
[13.563][FINER]:    Waiting for all views to stop loading...
[13.563][FINER]:    Done waiting for all views to stop loading
[13.563][FINE]:     Command finished (/session/2793c26c9aa3e456689bab62546b9217/element) with response {
   "sessionId": "2793c26c9aa3e456689bab62546b9217",
   "status": 0,
   "value": {
      "ELEMENT": ":wdc:1362294382348"
   }
}

[13.564][FINE]:     Command received (/session/2793c26c9aa3e456689bab62546b9217/element/:wdc:1362294382348/name)
[13.564][FINER]:    Waiting for all views to stop loading...
[13.564][FINER]:    Done waiting for all views to stop loading
[13.565][FINER]:    Waiting for all views to stop loading...
[13.565][FINER]:    Done waiting for all views to stop loading
[13.565][FINE]:     Command finished (/session/2793c26c9aa3e456689bab62546b9217/element/:wdc:1362294382348/name) with response {
   "sessionId": "2793c26c9aa3e456689bab62546b9217",
   "status": 0,
   "value": "input"
}

[13.565][FINE]:     Command received (/session/2793c26c9aa3e456689bab62546b9217/element/:wdc:1362294382348/attribute/type)
[13.565][FINER]:    Waiting for all views to stop loading...
[13.566][FINER]:    Done waiting for all views to stop loading
[13.570][FINER]:    Waiting for all views to stop loading...
[13.570][FINER]:    Done waiting for all views to stop loading
[13.570][FINE]:     Command finished (/session/2793c26c9aa3e456689bab62546b9217/element/:wdc:1362294382348/attribute/type) with response {
   "sessionId": "2793c26c9aa3e456689bab62546b9217",
   "status": 0,
   "value": "text"
}

[13.571][FINE]:     Command received (/session/2793c26c9aa3e456689bab62546b9217/element/:wdc:1362294382348/enabled)
[13.571][FINER]:    Waiting for all views to stop loading...
[13.571][FINER]:    Done waiting for all views to stop loading
[13.575][FINER]:    Waiting for all views to stop loading...
[13.575][FINER]:    Done waiting for all views to stop loading
[13.575][FINE]:     Command finished (/session/2793c26c9aa3e456689bab62546b9217/element/:wdc:1362294382348/enabled) with response {
   "sessionId": "2793c26c9aa3e456689bab62546b9217",
   "status": 0,
   "value": true
}

[13.576][FINE]:     Command received (/session/2793c26c9aa3e456689bab62546b9217/frame) with params {
   "id": null
}

[13.576][FINER]:    Waiting for all views to stop loading...
[13.576][FINER]:    Done waiting for all views to stop loading
[13.576][FINER]:    Waiting for all views to stop loading...
[13.577][FINER]:    Done waiting for all views to stop loading
[13.577][FINE]:     Command finished (/session/2793c26c9aa3e456689bab62546b9217/frame) with response {
   "sessionId": "2793c26c9aa3e456689bab62546b9217",
   "status": 0,
   "value": {

   }
}

[13.577][FINE]:     Command received (/session/2793c26c9aa3e456689bab62546b9217/element) with params {
   "using": "id",
   "value": "txtLastname"
}

[13.577][FINER]:    Waiting for all views to stop loading...
[13.578][FINER]:    Done waiting for all views to stop loading
[13.580][FINER]:    Waiting for all views to stop loading...
[13.580][FINER]:    Done waiting for all views to stop loading
[13.580][FINE]:     Command finished (/session/2793c26c9aa3e456689bab62546b9217/element) with response {
   "sessionId": "2793c26c9aa3e456689bab62546b9217",
   "status": 0,
   "value": {
      "ELEMENT": ":wdc:1362294382348"
   }
}

[13.581][FINE]:     Command received (/session/2793c26c9aa3e456689bab62546b9217/element/:wdc:1362294382348/name)
[13.581][FINER]:    Waiting for all views to stop loading...
[13.581][FINER]:    Done waiting for all views to stop loading
[13.582][FINER]:    Waiting for all views to stop loading...
[13.582][FINER]:    Done waiting for all views to stop loading
[13.582][FINE]:     Command finished (/session/2793c26c9aa3e456689bab62546b9217/element/:wdc:1362294382348/name) with response {
   "sessionId": "2793c26c9aa3e456689bab62546b9217",
   "status": 0,
   "value": "input"
}

[13.583][FINE]:     Command received (/session/2793c26c9aa3e456689bab62546b9217/element/:wdc:1362294382348/attribute/type)
[13.583][FINER]:    Waiting for all views to stop loading...
[13.583][FINER]:    Done waiting for all views to stop loading
[13.588][FINER]:    Waiting for all views to stop loading...
[13.588][FINER]:    Done waiting for all views to stop loading
[13.588][FINE]:     Command finished (/session/2793c26c9aa3e456689bab62546b9217/element/:wdc:1362294382348/attribute/type) with response {
   "sessionId": "2793c26c9aa3e456689bab62546b9217",
   "status": 0,
   "value": "text"
}

[13.589][FINE]:     Command received (/session/2793c26c9aa3e456689bab62546b9217/element/:wdc:1362294382348/attribute/readonly)
[13.589][FINER]:    Waiting for all views to stop loading...
[13.589][FINER]:    Done waiting for all views to stop loading
[13.607][FINER]:    Waiting for all views to stop loading...
[13.607][FINER]:    Done waiting for all views to stop loading
[13.607][FINE]:     Command finished (/session/2793c26c9aa3e456689bab62546b9217/element/:wdc:1362294382348/attribute/readonly) with response {
   "sessionId": "2793c26c9aa3e456689bab62546b9217",
   "status": 0,
   "value": null
}

[13.608][FINE]:     Command received (/session/2793c26c9aa3e456689bab62546b9217/element/:wdc:1362294382348/clear) with params {

}

[13.608][FINER]:    Waiting for all views to stop loading...
[13.608][FINER]:    Done waiting for all views to stop loading
[13.628][FINER]:    Waiting for all views to stop loading...
[13.628][FINER]:    Done waiting for all views to stop loading
[13.628][FINE]:     Command finished (/session/2793c26c9aa3e456689bab62546b9217/element/:wdc:1362294382348/clear) with response {
   "sessionId": "2793c26c9aa3e456689bab62546b9217",
   "status": 0,
   "value": null
}

[13.630][FINE]:     Command received (/session/2793c26c9aa3e456689bab62546b9217/element/:wdc:1362294382348/value) with params {
   "value": [ "Schultz" ]
}

[13.630][FINER]:    Waiting for all views to stop loading...
[13.630][FINER]:    Done waiting for all views to stop loading
[13.769][FINER]:    Waiting for all views to stop loading...
[13.769][FINER]:    Done waiting for all views to stop loading
[13.769][FINE]:     Command finished (/session/2793c26c9aa3e456689bab62546b9217/element/:wdc:1362294382348/value) with response {
   "sessionId": "2793c26c9aa3e456689bab62546b9217",
   "status": 0,
   "value": {

   }
}

[13.771][FINE]:     Command received (/session/2793c26c9aa3e456689bab62546b9217/frame) with params {
   "id": null
}

[13.771][FINER]:    Waiting for all views to stop loading...
[13.771][FINER]:    Done waiting for all views to stop loading
[13.771][FINER]:    Waiting for all views to stop loading...
[13.771][FINER]:    Done waiting for all views to stop loading
[13.771][FINE]:     Command finished (/session/2793c26c9aa3e456689bab62546b9217/frame) with response {
   "sessionId": "2793c26c9aa3e456689bab62546b9217",
   "status": 0,
   "value": {

   }
}

[13.772][FINE]:     Command received (/session/2793c26c9aa3e456689bab62546b9217/element) with params {
   "using": "id",
   "value": "UserName"
}

[13.772][FINER]:    Waiting for all views to stop loading...
[13.772][FINER]:    Done waiting for all views to stop loading
[13.781][FINER]:    Waiting for all views to stop loading...
[13.782][FINER]:    Done waiting for all views to stop loading
[13.782][FINE]:     Command finished (/session/2793c26c9aa3e456689bab62546b9217/element) with response {
   "sessionId": "2793c26c9aa3e456689bab62546b9217",
   "status": 0,
   "value": {
      "ELEMENT": ":wdc:1362294382349"
   }
}

[13.782][FINE]:     Command received (/session/2793c26c9aa3e456689bab62546b9217/element/:wdc:1362294382349/name)
[13.782][FINER]:    Waiting for all views to stop loading...
[13.783][FINER]:    Done waiting for all views to stop loading
[13.785][FINER]:    Waiting for all views to stop loading...
[13.785][FINER]:    Done waiting for all views to stop loading
[13.785][FINE]:     Command finished (/session/2793c26c9aa3e456689bab62546b9217/element/:wdc:1362294382349/name) with response {
   "sessionId": "2793c26c9aa3e456689bab62546b9217",
   "status": 0,
   "value": "input"
}

[13.786][FINE]:     Command received (/session/2793c26c9aa3e456689bab62546b9217/element/:wdc:1362294382349/attribute/type)
[13.786][FINER]:    Waiting for all views to stop loading...
[13.786][FINER]:    Done waiting for all views to stop loading
[13.805][FINER]:    Waiting for all views to stop loading...
[13.805][FINER]:    Done waiting for all views to stop loading
[13.805][FINE]:     Command finished (/session/2793c26c9aa3e456689bab62546b9217/element/:wdc:1362294382349/attribute/type) with response {
   "sessionId": "2793c26c9aa3e456689bab62546b9217",
   "status": 0,
   "value": "text"
}

[13.806][FINE]:     Command received (/session/2793c26c9aa3e456689bab62546b9217/element/:wdc:1362294382349/name)
[13.806][FINER]:    Waiting for all views to stop loading...
[13.806][FINER]:    Done waiting for all views to stop loading
[13.807][FINER]:    Waiting for all views to stop loading...
[13.807][FINER]:    Done waiting for all views to stop loading
[13.807][FINE]:     Command finished (/session/2793c26c9aa3e456689bab62546b9217/element/:wdc:1362294382349/name) with response {
   "sessionId": "2793c26c9aa3e456689bab62546b9217",
   "status": 0,
   "value": "input"
}

[13.808][FINE]:     Command received (/session/2793c26c9aa3e456689bab62546b9217/frame) with params {
   "id": null
}

[13.808][FINER]:    Waiting for all views to stop loading...
[13.809][FINER]:    Done waiting for all views to stop loading
[13.809][FINER]:    Waiting for all views to stop loading...
[13.809][FINER]:    Done waiting for all views to stop loading
[13.809][FINE]:     Command finished (/session/2793c26c9aa3e456689bab62546b9217/frame) with response {
   "sessionId": "2793c26c9aa3e456689bab62546b9217",
   "status": 0,
   "value": {

   }
}

[13.809][FINE]:     Command received (/session/2793c26c9aa3e456689bab62546b9217/element) with params {
   "using": "id",
   "value": "UserName"
}

[13.809][FINER]:    Waiting for all views to stop loading...
[13.810][FINER]:    Done waiting for all views to stop loading
[13.812][FINER]:    Waiting for all views to stop loading...
[13.813][FINER]:    Done waiting for all views to stop loading
[13.813][FINE]:     Command finished (/session/2793c26c9aa3e456689bab62546b9217/element) with response {
   "sessionId": "2793c26c9aa3e456689bab62546b9217",
   "status": 0,
   "value": {
      "ELEMENT": ":wdc:1362294382349"
   }
}

[13.813][FINE]:     Command received (/session/2793c26c9aa3e456689bab62546b9217/element/:wdc:1362294382349/name)
[13.813][FINER]:    Waiting for all views to stop loading...
[13.814][FINER]:    Done waiting for all views to stop loading
[13.814][FINER]:    Waiting for all views to stop loading...
[13.815][FINER]:    Done waiting for all views to stop loading
[13.815][FINE]:     Command finished (/session/2793c26c9aa3e456689bab62546b9217/element/:wdc:1362294382349/name) with response {
   "sessionId": "2793c26c9aa3e456689bab62546b9217",
   "status": 0,
   "value": "input"
}

[13.815][FINE]:     Command received (/session/2793c26c9aa3e456689bab62546b9217/element/:wdc:1362294382349/attribute/type)
[13.815][FINER]:    Waiting for all views to stop loading...
[13.815][FINER]:    Done waiting for all views to stop loading
[13.820][FINER]:    Waiting for all views to stop loading...
[13.821][FINER]:    Done waiting for all views to stop loading
[13.821][FINE]:     Command finished (/session/2793c26c9aa3e456689bab62546b9217/element/:wdc:1362294382349/attribute/type) with response {
   "sessionId": "2793c26c9aa3e456689bab62546b9217",
   "status": 0,
   "value": "text"
}

[13.821][FINE]:     Command received (/session/2793c26c9aa3e456689bab62546b9217/element/:wdc:1362294382349/attribute/disabled)
[13.821][FINER]:    Waiting for all views to stop loading...
[13.822][FINER]:    Done waiting for all views to stop loading
[13.839][FINER]:    Waiting for all views to stop loading...
[13.839][FINER]:    Done waiting for all views to stop loading
[13.839][FINE]:     Command finished (/session/2793c26c9aa3e456689bab62546b9217/element/:wdc:1362294382349/attribute/disabled) with response {
   "sessionId": "2793c26c9aa3e456689bab62546b9217",
   "status": 0,
   "value": null
}

[13.840][FINE]:     Command received (/session/2793c26c9aa3e456689bab62546b9217/frame) with params {
   "id": null
}

[13.840][FINER]:    Waiting for all views to stop loading...
[13.841][FINER]:    Done waiting for all views to stop loading
[13.841][FINER]:    Waiting for all views to stop loading...
[13.841][FINER]:    Done waiting for all views to stop loading
[13.841][FINE]:     Command finished (/session/2793c26c9aa3e456689bab62546b9217/frame) with response {
   "sessionId": "2793c26c9aa3e456689bab62546b9217",
   "status": 0,
   "value": {

   }
}

[13.842][FINE]:     Command received (/session/2793c26c9aa3e456689bab62546b9217/element) with params {
   "using": "id",
   "value": "UserName"
}

[13.842][FINER]:    Waiting for all views to stop loading...
[13.842][FINER]:    Done waiting for all views to stop loading
[13.876][FINER]:    Waiting for all views to stop loading...
[13.876][FINER]:    Done waiting for all views to stop loading
[13.876][FINE]:     Command finished (/session/2793c26c9aa3e456689bab62546b9217/element) with response {
   "sessionId": "2793c26c9aa3e456689bab62546b9217",
   "status": 0,
   "value": {
      "ELEMENT": ":wdc:1362294382349"
   }
}

[13.877][FINE]:     Command received (/session/2793c26c9aa3e456689bab62546b9217/element/:wdc:1362294382349/name)
[13.877][FINER]:    Waiting for all views to stop loading...
[13.877][FINER]:    Done waiting for all views to stop loading
[13.879][FINER]:    Waiting for all views to stop loading...
[13.879][FINER]:    Done waiting for all views to stop loading
[13.879][FINE]:     Command finished (/session/2793c26c9aa3e456689bab62546b9217/element/:wdc:1362294382349/name) with response {
   "sessionId": "2793c26c9aa3e456689bab62546b9217",
   "status": 0,
   "value": "input"
}

[13.879][FINE]:     Command received (/session/2793c26c9aa3e456689bab62546b9217/element/:wdc:1362294382349/attribute/type)
[13.879][FINER]:    Waiting for all views to stop loading...
[13.880][FINER]:    Done waiting for all views to stop loading
[13.885][FINER]:    Waiting for all views to stop loading...
[13.885][FINER]:    Done waiting for all views to stop loading
[13.885][FINE]:     Command finished (/session/2793c26c9aa3e456689bab62546b9217/element/:wdc:1362294382349/attribute/type) with response {
   "sessionId": "2793c26c9aa3e456689bab62546b9217",
   "status": 0,
   "value": "text"
}

[13.886][FINE]:     Command received (/session/2793c26c9aa3e456689bab62546b9217/element/:wdc:1362294382349/enabled)
[13.886][FINER]:    Waiting for all views to stop loading...
[13.886][FINER]:    Done waiting for all views to stop loading
[13.890][FINER]:    Waiting for all views to stop loading...
[13.890][FINER]:    Done waiting for all views to stop loading
[13.890][FINE]:     Command finished (/session/2793c26c9aa3e456689bab62546b9217/element/:wdc:1362294382349/enabled) with response {
   "sessionId": "2793c26c9aa3e456689bab62546b9217",
   "status": 0,
   "value": true
}

[13.891][FINE]:     Command received (/session/2793c26c9aa3e456689bab62546b9217/frame) with params {
   "id": null
}

[13.891][FINER]:    Waiting for all views to stop loading...
[13.891][FINER]:    Done waiting for all views to stop loading
[13.891][FINER]:    Waiting for all views to stop loading...
[13.891][FINER]:    Done waiting for all views to stop loading
[13.891][FINE]:     Command finished (/session/2793c26c9aa3e456689bab62546b9217/frame) with response {
   "sessionId": "2793c26c9aa3e456689bab62546b9217",
   "status": 0,
   "value": {

   }
}

[13.892][FINE]:     Command received (/session/2793c26c9aa3e456689bab62546b9217/element) with params {
   "using": "id",
   "value": "UserName"
}

[13.892][FINER]:    Waiting for all views to stop loading...
[13.892][FINER]:    Done waiting for all views to stop loading
[13.895][FINER]:    Waiting for all views to stop loading...
[13.895][FINER]:    Done waiting for all views to stop loading
[13.895][FINE]:     Command finished (/session/2793c26c9aa3e456689bab62546b9217/element) with response {
   "sessionId": "2793c26c9aa3e456689bab62546b9217",
   "status": 0,
   "value": {
      "ELEMENT": ":wdc:1362294382349"
   }
}

[13.896][FINE]:     Command received (/session/2793c26c9aa3e456689bab62546b9217/element/:wdc:1362294382349/name)
[13.896][FINER]:    Waiting for all views to stop loading...
[13.896][FINER]:    Done waiting for all views to stop loading
[13.897][FINER]:    Waiting for all views to stop loading...
[13.897][FINER]:    Done waiting for all views to stop loading
[13.897][FINE]:     Command finished (/session/2793c26c9aa3e456689bab62546b9217/element/:wdc:1362294382349/name) with response {
   "sessionId": "2793c26c9aa3e456689bab62546b9217",
   "status": 0,
   "value": "input"
}

[13.898][FINE]:     Command received (/session/2793c26c9aa3e456689bab62546b9217/element/:wdc:1362294382349/attribute/type)
[13.898][FINER]:    Waiting for all views to stop loading...
[13.898][FINER]:    Done waiting for all views to stop loading
[13.903][FINER]:    Waiting for all views to stop loading...
[13.904][FINER]:    Done waiting for all views to stop loading
[13.904][FINE]:     Command finished (/session/2793c26c9aa3e456689bab62546b9217/element/:wdc:1362294382349/attribute/type) with response {
   "sessionId": "2793c26c9aa3e456689bab62546b9217",
   "status": 0,
   "value": "text"
}

[13.904][FINE]:     Command received (/session/2793c26c9aa3e456689bab62546b9217/element/:wdc:1362294382349/attribute/readonly)
[13.904][FINER]:    Waiting for all views to stop loading...
[13.905][FINER]:    Done waiting for all views to stop loading
[13.922][FINER]:    Waiting for all views to stop loading...
[13.922][FINER]:    Done waiting for all views to stop loading
[13.922][FINE]:     Command finished (/session/2793c26c9aa3e456689bab62546b9217/element/:wdc:1362294382349/attribute/readonly) with response {
   "sessionId": "2793c26c9aa3e456689bab62546b9217",
   "status": 0,
   "value": null
}

[13.923][FINE]:     Command received (/session/2793c26c9aa3e456689bab62546b9217/element/:wdc:1362294382349/clear) with params {

}

[13.923][FINER]:    Waiting for all views to stop loading...
[13.923][FINER]:    Done waiting for all views to stop loading
[13.943][FINER]:    Waiting for all views to stop loading...
[13.943][FINER]:    Done waiting for all views to stop loading
[13.943][FINE]:     Command finished (/session/2793c26c9aa3e456689bab62546b9217/element/:wdc:1362294382349/clear) with response {
   "sessionId": "2793c26c9aa3e456689bab62546b9217",
   "status": 0,
   "value": null
}

[13.944][FINE]:     Command received (/session/2793c26c9aa3e456689bab62546b9217/element/:wdc:1362294382349/value) with params {
   "value": [ "marjory.schultz@schiller.name" ]
}

[13.944][FINER]:    Waiting for all views to stop loading...
[13.945][FINER]:    Done waiting for all views to stop loading
[14.454][FINER]:    Waiting for all views to stop loading...
[14.454][FINER]:    Done waiting for all views to stop loading
[14.454][FINE]:     Command finished (/session/2793c26c9aa3e456689bab62546b9217/element/:wdc:1362294382349/value) with response {
   "sessionId": "2793c26c9aa3e456689bab62546b9217",
   "status": 0,
   "value": {

   }
}

[14.456][FINE]:     Command received (/session/2793c26c9aa3e456689bab62546b9217/frame) with params {
   "id": null
}

[14.456][FINER]:    Waiting for all views to stop loading...
[14.456][FINER]:    Done waiting for all views to stop loading
[14.456][FINER]:    Waiting for all views to stop loading...
[14.456][FINER]:    Done waiting for all views to stop loading
[14.456][FINE]:     Command finished (/session/2793c26c9aa3e456689bab62546b9217/frame) with response {
   "sessionId": "2793c26c9aa3e456689bab62546b9217",
   "status": 0,
   "value": {

   }
}

[14.457][FINE]:     Command received (/session/2793c26c9aa3e456689bab62546b9217/element) with params {
   "using": "id",
   "value": "Password"
}

[14.457][FINER]:    Waiting for all views to stop loading...
[14.457][FINER]:    Done waiting for all views to stop loading
[14.466][FINER]:    Waiting for all views to stop loading...
[14.466][FINER]:    Done waiting for all views to stop loading
[14.467][FINE]:     Command finished (/session/2793c26c9aa3e456689bab62546b9217/element) with response {
   "sessionId": "2793c26c9aa3e456689bab62546b9217",
   "status": 0,
   "value": {
      "ELEMENT": ":wdc:1362294382350"
   }
}

[14.467][FINE]:     Command received (/session/2793c26c9aa3e456689bab62546b9217/element/:wdc:1362294382350/name)
[14.467][FINER]:    Waiting for all views to stop loading...
[14.468][FINER]:    Done waiting for all views to stop loading
[14.470][FINER]:    Waiting for all views to stop loading...
[14.471][FINER]:    Done waiting for all views to stop loading
[14.471][FINE]:     Command finished (/session/2793c26c9aa3e456689bab62546b9217/element/:wdc:1362294382350/name) with response {
   "sessionId": "2793c26c9aa3e456689bab62546b9217",
   "status": 0,
   "value": "input"
}

[14.471][FINE]:     Command received (/session/2793c26c9aa3e456689bab62546b9217/element/:wdc:1362294382350/attribute/type)
[14.471][FINER]:    Waiting for all views to stop loading...
[14.471][FINER]:    Done waiting for all views to stop loading
[14.489][FINER]:    Waiting for all views to stop loading...
[14.490][FINER]:    Done waiting for all views to stop loading
[14.490][FINE]:     Command finished (/session/2793c26c9aa3e456689bab62546b9217/element/:wdc:1362294382350/attribute/type) with response {
   "sessionId": "2793c26c9aa3e456689bab62546b9217",
   "status": 0,
   "value": "password"
}

[14.491][FINE]:     Command received (/session/2793c26c9aa3e456689bab62546b9217/element/:wdc:1362294382350/name)
[14.491][FINER]:    Waiting for all views to stop loading...
[14.491][FINER]:    Done waiting for all views to stop loading
[14.492][FINER]:    Waiting for all views to stop loading...
[14.492][FINER]:    Done waiting for all views to stop loading
[14.492][FINE]:     Command finished (/session/2793c26c9aa3e456689bab62546b9217/element/:wdc:1362294382350/name) with response {
   "sessionId": "2793c26c9aa3e456689bab62546b9217",
   "status": 0,
   "value": "input"
}

[14.493][FINE]:     Command received (/session/2793c26c9aa3e456689bab62546b9217/frame) with params {
   "id": null
}

[14.493][FINER]:    Waiting for all views to stop loading...
[14.493][FINER]:    Done waiting for all views to stop loading
[14.493][FINER]:    Waiting for all views to stop loading...
[14.494][FINER]:    Done waiting for all views to stop loading
[14.494][FINE]:     Command finished (/session/2793c26c9aa3e456689bab62546b9217/frame) with response {
   "sessionId": "2793c26c9aa3e456689bab62546b9217",
   "status": 0,
   "value": {

   }
}

[14.494][FINE]:     Command received (/session/2793c26c9aa3e456689bab62546b9217/element) with params {
   "using": "id",
   "value": "Password"
}

[14.494][FINER]:    Waiting for all views to stop loading...
[14.494][FINER]:    Done waiting for all views to stop loading
[14.497][FINER]:    Waiting for all views to stop loading...
[14.497][FINER]:    Done waiting for all views to stop loading
[14.497][FINE]:     Command finished (/session/2793c26c9aa3e456689bab62546b9217/element) with response {
   "sessionId": "2793c26c9aa3e456689bab62546b9217",
   "status": 0,
   "value": {
      "ELEMENT": ":wdc:1362294382350"
   }
}

[14.498][FINE]:     Command received (/session/2793c26c9aa3e456689bab62546b9217/element/:wdc:1362294382350/name)
[14.498][FINER]:    Waiting for all views to stop loading...
[14.498][FINER]:    Done waiting for all views to stop loading
[14.499][FINER]:    Waiting for all views to stop loading...
[14.499][FINER]:    Done waiting for all views to stop loading
[14.499][FINE]:     Command finished (/session/2793c26c9aa3e456689bab62546b9217/element/:wdc:1362294382350/name) with response {
   "sessionId": "2793c26c9aa3e456689bab62546b9217",
   "status": 0,
   "value": "input"
}

[14.500][FINE]:     Command received (/session/2793c26c9aa3e456689bab62546b9217/element/:wdc:1362294382350/attribute/type)
[14.500][FINER]:    Waiting for all views to stop loading...
[14.500][FINER]:    Done waiting for all views to stop loading
[14.505][FINER]:    Waiting for all views to stop loading...
[14.505][FINER]:    Done waiting for all views to stop loading
[14.505][FINE]:     Command finished (/session/2793c26c9aa3e456689bab62546b9217/element/:wdc:1362294382350/attribute/type) with response {
   "sessionId": "2793c26c9aa3e456689bab62546b9217",
   "status": 0,
   "value": "password"
}

[14.506][FINE]:     Command received (/session/2793c26c9aa3e456689bab62546b9217/element/:wdc:1362294382350/attribute/disabled)
[14.506][FINER]:    Waiting for all views to stop loading...
[14.506][FINER]:    Done waiting for all views to stop loading
[14.524][FINER]:    Waiting for all views to stop loading...
[14.525][FINER]:    Done waiting for all views to stop loading
[14.525][FINE]:     Command finished (/session/2793c26c9aa3e456689bab62546b9217/element/:wdc:1362294382350/attribute/disabled) with response {
   "sessionId": "2793c26c9aa3e456689bab62546b9217",
   "status": 0,
   "value": null
}

[14.526][FINE]:     Command received (/session/2793c26c9aa3e456689bab62546b9217/frame) with params {
   "id": null
}

[14.526][FINER]:    Waiting for all views to stop loading...
[14.526][FINER]:    Done waiting for all views to stop loading
[14.526][FINER]:    Waiting for all views to stop loading...
[14.526][FINER]:    Done waiting for all views to stop loading
[14.526][FINE]:     Command finished (/session/2793c26c9aa3e456689bab62546b9217/frame) with response {
   "sessionId": "2793c26c9aa3e456689bab62546b9217",
   "status": 0,
   "value": {

   }
}

[14.527][FINE]:     Command received (/session/2793c26c9aa3e456689bab62546b9217/element) with params {
   "using": "id",
   "value": "Password"
}

[14.527][FINER]:    Waiting for all views to stop loading...
[14.527][FINER]:    Done waiting for all views to stop loading
[14.530][FINER]:    Waiting for all views to stop loading...
[14.530][FINER]:    Done waiting for all views to stop loading
[14.530][FINE]:     Command finished (/session/2793c26c9aa3e456689bab62546b9217/element) with response {
   "sessionId": "2793c26c9aa3e456689bab62546b9217",
   "status": 0,
   "value": {
      "ELEMENT": ":wdc:1362294382350"
   }
}

[14.531][FINE]:     Command received (/session/2793c26c9aa3e456689bab62546b9217/element/:wdc:1362294382350/name)
[14.531][FINER]:    Waiting for all views to stop loading...
[14.531][FINER]:    Done waiting for all views to stop loading
[14.532][FINER]:    Waiting for all views to stop loading...
[14.532][FINER]:    Done waiting for all views to stop loading
[14.532][FINE]:     Command finished (/session/2793c26c9aa3e456689bab62546b9217/element/:wdc:1362294382350/name) with response {
   "sessionId": "2793c26c9aa3e456689bab62546b9217",
   "status": 0,
   "value": "input"
}

[14.532][FINE]:     Command received (/session/2793c26c9aa3e456689bab62546b9217/element/:wdc:1362294382350/attribute/type)
[14.532][FINER]:    Waiting for all views to stop loading...
[14.533][FINER]:    Done waiting for all views to stop loading
[14.537][FINER]:    Waiting for all views to stop loading...
[14.538][FINER]:    Done waiting for all views to stop loading
[14.538][FINE]:     Command finished (/session/2793c26c9aa3e456689bab62546b9217/element/:wdc:1362294382350/attribute/type) with response {
   "sessionId": "2793c26c9aa3e456689bab62546b9217",
   "status": 0,
   "value": "password"
}

[14.538][FINE]:     Command received (/session/2793c26c9aa3e456689bab62546b9217/element/:wdc:1362294382350/enabled)
[14.538][FINER]:    Waiting for all views to stop loading...
[14.539][FINER]:    Done waiting for all views to stop loading
[14.542][FINER]:    Waiting for all views to stop loading...
[14.543][FINER]:    Done waiting for all views to stop loading
[14.543][FINE]:     Command finished (/session/2793c26c9aa3e456689bab62546b9217/element/:wdc:1362294382350/enabled) with response {
   "sessionId": "2793c26c9aa3e456689bab62546b9217",
   "status": 0,
   "value": true
}

[14.543][FINE]:     Command received (/session/2793c26c9aa3e456689bab62546b9217/frame) with params {
   "id": null
}

[14.543][FINER]:    Waiting for all views to stop loading...
[14.544][FINER]:    Done waiting for all views to stop loading
[14.544][FINER]:    Waiting for all views to stop loading...
[14.544][FINER]:    Done waiting for all views to stop loading
[14.544][FINE]:     Command finished (/session/2793c26c9aa3e456689bab62546b9217/frame) with response {
   "sessionId": "2793c26c9aa3e456689bab62546b9217",
   "status": 0,
   "value": {

   }
}

[14.544][FINE]:     Command received (/session/2793c26c9aa3e456689bab62546b9217/element) with params {
   "using": "id",
   "value": "Password"
}

[14.544][FINER]:    Waiting for all views to stop loading...
[14.545][FINER]:    Done waiting for all views to stop loading
[14.547][FINER]:    Waiting for all views to stop loading...
[14.547][FINER]:    Done waiting for all views to stop loading
[14.547][FINE]:     Command finished (/session/2793c26c9aa3e456689bab62546b9217/element) with response {
   "sessionId": "2793c26c9aa3e456689bab62546b9217",
   "status": 0,
   "value": {
      "ELEMENT": ":wdc:1362294382350"
   }
}

[14.548][FINE]:     Command received (/session/2793c26c9aa3e456689bab62546b9217/element/:wdc:1362294382350/name)
[14.548][FINER]:    Waiting for all views to stop loading...
[14.548][FINER]:    Done waiting for all views to stop loading
[14.549][FINER]:    Waiting for all views to stop loading...
[14.549][FINER]:    Done waiting for all views to stop loading
[14.549][FINE]:     Command finished (/session/2793c26c9aa3e456689bab62546b9217/element/:wdc:1362294382350/name) with response {
   "sessionId": "2793c26c9aa3e456689bab62546b9217",
   "status": 0,
   "value": "input"
}

[14.550][FINE]:     Command received (/session/2793c26c9aa3e456689bab62546b9217/element/:wdc:1362294382350/attribute/type)
[14.550][FINER]:    Waiting for all views to stop loading...
[14.550][FINER]:    Done waiting for all views to stop loading
[14.555][FINER]:    Waiting for all views to stop loading...
[14.555][FINER]:    Done waiting for all views to stop loading
[14.555][FINE]:     Command finished (/session/2793c26c9aa3e456689bab62546b9217/element/:wdc:1362294382350/attribute/type) with response {
   "sessionId": "2793c26c9aa3e456689bab62546b9217",
   "status": 0,
   "value": "password"
}

[14.556][FINE]:     Command received (/session/2793c26c9aa3e456689bab62546b9217/element/:wdc:1362294382350/attribute/readonly)
[14.556][FINER]:    Waiting for all views to stop loading...
[14.556][FINER]:    Done waiting for all views to stop loading
[14.575][FINER]:    Waiting for all views to stop loading...
[14.575][FINER]:    Done waiting for all views to stop loading
[14.575][FINE]:     Command finished (/session/2793c26c9aa3e456689bab62546b9217/element/:wdc:1362294382350/attribute/readonly) with response {
   "sessionId": "2793c26c9aa3e456689bab62546b9217",
   "status": 0,
   "value": null
}

[14.576][FINE]:     Command received (/session/2793c26c9aa3e456689bab62546b9217/element/:wdc:1362294382350/clear) with params {

}

[14.576][FINER]:    Waiting for all views to stop loading...
[14.576][FINER]:    Done waiting for all views to stop loading
[14.596][FINER]:    Waiting for all views to stop loading...
[14.597][FINER]:    Done waiting for all views to stop loading
[14.597][FINE]:     Command finished (/session/2793c26c9aa3e456689bab62546b9217/element/:wdc:1362294382350/clear) with response {
   "sessionId": "2793c26c9aa3e456689bab62546b9217",
   "status": 0,
   "value": null
}

[14.598][FINE]:     Command received (/session/2793c26c9aa3e456689bab62546b9217/element/:wdc:1362294382350/value) with params {
   "value": [ "asdqwe8080" ]
}

[14.598][FINER]:    Waiting for all views to stop loading...
[14.598][FINER]:    Done waiting for all views to stop loading
[14.785][FINER]:    Waiting for all views to stop loading...
[14.786][FINER]:    Done waiting for all views to stop loading
[14.786][FINE]:     Command finished (/session/2793c26c9aa3e456689bab62546b9217/element/:wdc:1362294382350/value) with response {
   "sessionId": "2793c26c9aa3e456689bab62546b9217",
   "status": 0,
   "value": {

   }
}

[14.787][FINE]:     Command received (/session/2793c26c9aa3e456689bab62546b9217/frame) with params {
   "id": null
}

[14.787][FINER]:    Waiting for all views to stop loading...
[14.788][FINER]:    Done waiting for all views to stop loading
[14.788][FINER]:    Waiting for all views to stop loading...
[14.788][FINER]:    Done waiting for all views to stop loading
[14.788][FINE]:     Command finished (/session/2793c26c9aa3e456689bab62546b9217/frame) with response {
   "sessionId": "2793c26c9aa3e456689bab62546b9217",
   "status": 0,
   "value": {

   }
}

[14.788][FINE]:     Command received (/session/2793c26c9aa3e456689bab62546b9217/element) with params {
   "using": "id",
   "value": "ConfirmPassword"
}

[14.788][FINER]:    Waiting for all views to stop loading...
[14.789][FINER]:    Done waiting for all views to stop loading
[14.798][FINER]:    Waiting for all views to stop loading...
[14.798][FINER]:    Done waiting for all views to stop loading
[14.798][FINE]:     Command finished (/session/2793c26c9aa3e456689bab62546b9217/element) with response {
   "sessionId": "2793c26c9aa3e456689bab62546b9217",
   "status": 0,
   "value": {
      "ELEMENT": ":wdc:1362294382351"
   }
}

[14.799][FINE]:     Command received (/session/2793c26c9aa3e456689bab62546b9217/element/:wdc:1362294382351/name)
[14.799][FINER]:    Waiting for all views to stop loading...
[14.799][FINER]:    Done waiting for all views to stop loading
[14.802][FINER]:    Waiting for all views to stop loading...
[14.802][FINER]:    Done waiting for all views to stop loading
[14.802][FINE]:     Command finished (/session/2793c26c9aa3e456689bab62546b9217/element/:wdc:1362294382351/name) with response {
   "sessionId": "2793c26c9aa3e456689bab62546b9217",
   "status": 0,
   "value": "input"
}

[14.803][FINE]:     Command received (/session/2793c26c9aa3e456689bab62546b9217/element/:wdc:1362294382351/attribute/type)
[14.803][FINER]:    Waiting for all views to stop loading...
[14.803][FINER]:    Done waiting for all views to stop loading
[14.821][FINER]:    Waiting for all views to stop loading...
[14.821][FINER]:    Done waiting for all views to stop loading
[14.821][FINE]:     Command finished (/session/2793c26c9aa3e456689bab62546b9217/element/:wdc:1362294382351/attribute/type) with response {
   "sessionId": "2793c26c9aa3e456689bab62546b9217",
   "status": 0,
   "value": "password"
}

[14.822][FINE]:     Command received (/session/2793c26c9aa3e456689bab62546b9217/element/:wdc:1362294382351/name)
[14.822][FINER]:    Waiting for all views to stop loading...
[14.822][FINER]:    Done waiting for all views to stop loading
[14.824][FINER]:    Waiting for all views to stop loading...
[14.824][FINER]:    Done waiting for all views to stop loading
[14.824][FINE]:     Command finished (/session/2793c26c9aa3e456689bab62546b9217/element/:wdc:1362294382351/name) with response {
   "sessionId": "2793c26c9aa3e456689bab62546b9217",
   "status": 0,
   "value": "input"
}

[14.825][FINE]:     Command received (/session/2793c26c9aa3e456689bab62546b9217/frame) with params {
   "id": null
}

[14.825][FINER]:    Waiting for all views to stop loading...
[14.825][FINER]:    Done waiting for all views to stop loading
[14.825][FINER]:    Waiting for all views to stop loading...
[14.825][FINER]:    Done waiting for all views to stop loading
[14.825][FINE]:     Command finished (/session/2793c26c9aa3e456689bab62546b9217/frame) with response {
   "sessionId": "2793c26c9aa3e456689bab62546b9217",
   "status": 0,
   "value": {

   }
}

[14.826][FINE]:     Command received (/session/2793c26c9aa3e456689bab62546b9217/element) with params {
   "using": "id",
   "value": "ConfirmPassword"
}

[14.826][FINER]:    Waiting for all views to stop loading...
[14.826][FINER]:    Done waiting for all views to stop loading
[14.829][FINER]:    Waiting for all views to stop loading...
[14.829][FINER]:    Done waiting for all views to stop loading
[14.829][FINE]:     Command finished (/session/2793c26c9aa3e456689bab62546b9217/element) with response {
   "sessionId": "2793c26c9aa3e456689bab62546b9217",
   "status": 0,
   "value": {
      "ELEMENT": ":wdc:1362294382351"
   }
}

[14.830][FINE]:     Command received (/session/2793c26c9aa3e456689bab62546b9217/element/:wdc:1362294382351/name)
[14.830][FINER]:    Waiting for all views to stop loading...
[14.830][FINER]:    Done waiting for all views to stop loading
[14.831][FINER]:    Waiting for all views to stop loading...
[14.831][FINER]:    Done waiting for all views to stop loading
[14.831][FINE]:     Command finished (/session/2793c26c9aa3e456689bab62546b9217/element/:wdc:1362294382351/name) with response {
   "sessionId": "2793c26c9aa3e456689bab62546b9217",
   "status": 0,
   "value": "input"
}

[14.832][FINE]:     Command received (/session/2793c26c9aa3e456689bab62546b9217/element/:wdc:1362294382351/attribute/type)
[14.832][FINER]:    Waiting for all views to stop loading...
[14.832][FINER]:    Done waiting for all views to stop loading
[14.837][FINER]:    Waiting for all views to stop loading...
[14.837][FINER]:    Done waiting for all views to stop loading
[14.838][FINE]:     Command finished (/session/2793c26c9aa3e456689bab62546b9217/element/:wdc:1362294382351/attribute/type) with response {
   "sessionId": "2793c26c9aa3e456689bab62546b9217",
   "status": 0,
   "value": "password"
}

[14.838][FINE]:     Command received (/session/2793c26c9aa3e456689bab62546b9217/element/:wdc:1362294382351/attribute/disabled)
[14.838][FINER]:    Waiting for all views to stop loading...
[14.839][FINER]:    Done waiting for all views to stop loading
[14.856][FINER]:    Waiting for all views to stop loading...
[14.856][FINER]:    Done waiting for all views to stop loading
[14.856][FINE]:     Command finished (/session/2793c26c9aa3e456689bab62546b9217/element/:wdc:1362294382351/attribute/disabled) with response {
   "sessionId": "2793c26c9aa3e456689bab62546b9217",
   "status": 0,
   "value": null
}

[14.857][FINE]:     Command received (/session/2793c26c9aa3e456689bab62546b9217/frame) with params {
   "id": null
}

[14.857][FINER]:    Waiting for all views to stop loading...
[14.857][FINER]:    Done waiting for all views to stop loading
[14.857][FINER]:    Waiting for all views to stop loading...
[14.858][FINER]:    Done waiting for all views to stop loading
[14.858][FINE]:     Command finished (/session/2793c26c9aa3e456689bab62546b9217/frame) with response {
   "sessionId": "2793c26c9aa3e456689bab62546b9217",
   "status": 0,
   "value": {

   }
}

[14.858][FINE]:     Command received (/session/2793c26c9aa3e456689bab62546b9217/element) with params {
   "using": "id",
   "value": "ConfirmPassword"
}

[14.858][FINER]:    Waiting for all views to stop loading...
[14.858][FINER]:    Done waiting for all views to stop loading
[14.861][FINER]:    Waiting for all views to stop loading...
[14.861][FINER]:    Done waiting for all views to stop loading
[14.861][FINE]:     Command finished (/session/2793c26c9aa3e456689bab62546b9217/element) with response {
   "sessionId": "2793c26c9aa3e456689bab62546b9217",
   "status": 0,
   "value": {
      "ELEMENT": ":wdc:1362294382351"
   }
}

[14.862][FINE]:     Command received (/session/2793c26c9aa3e456689bab62546b9217/element/:wdc:1362294382351/name)
[14.862][FINER]:    Waiting for all views to stop loading...
[14.862][FINER]:    Done waiting for all views to stop loading
[14.863][FINER]:    Waiting for all views to stop loading...
[14.863][FINER]:    Done waiting for all views to stop loading
[14.863][FINE]:     Command finished (/session/2793c26c9aa3e456689bab62546b9217/element/:wdc:1362294382351/name) with response {
   "sessionId": "2793c26c9aa3e456689bab62546b9217",
   "status": 0,
   "value": "input"
}

[14.864][FINE]:     Command received (/session/2793c26c9aa3e456689bab62546b9217/element/:wdc:1362294382351/attribute/type)
[14.864][FINER]:    Waiting for all views to stop loading...
[14.864][FINER]:    Done waiting for all views to stop loading
[14.868][FINER]:    Waiting for all views to stop loading...
[14.869][FINER]:    Done waiting for all views to stop loading
[14.869][FINE]:     Command finished (/session/2793c26c9aa3e456689bab62546b9217/element/:wdc:1362294382351/attribute/type) with response {
   "sessionId": "2793c26c9aa3e456689bab62546b9217",
   "status": 0,
   "value": "password"
}

[14.870][FINE]:     Command received (/session/2793c26c9aa3e456689bab62546b9217/element/:wdc:1362294382351/enabled)
[14.870][FINER]:    Waiting for all views to stop loading...
[14.870][FINER]:    Done waiting for all views to stop loading
[14.874][FINER]:    Waiting for all views to stop loading...
[14.874][FINER]:    Done waiting for all views to stop loading
[14.874][FINE]:     Command finished (/session/2793c26c9aa3e456689bab62546b9217/element/:wdc:1362294382351/enabled) with response {
   "sessionId": "2793c26c9aa3e456689bab62546b9217",
   "status": 0,
   "value": true
}

[14.875][FINE]:     Command received (/session/2793c26c9aa3e456689bab62546b9217/frame) with params {
   "id": null
}

[14.875][FINER]:    Waiting for all views to stop loading...
[14.875][FINER]:    Done waiting for all views to stop loading
[14.875][FINER]:    Waiting for all views to stop loading...
[14.875][FINER]:    Done waiting for all views to stop loading
[14.875][FINE]:     Command finished (/session/2793c26c9aa3e456689bab62546b9217/frame) with response {
   "sessionId": "2793c26c9aa3e456689bab62546b9217",
   "status": 0,
   "value": {

   }
}

[14.876][FINE]:     Command received (/session/2793c26c9aa3e456689bab62546b9217/element) with params {
   "using": "id",
   "value": "ConfirmPassword"
}

[14.876][FINER]:    Waiting for all views to stop loading...
[14.876][FINER]:    Done waiting for all views to stop loading
[14.878][FINER]:    Waiting for all views to stop loading...
[14.879][FINER]:    Done waiting for all views to stop loading
[14.879][FINE]:     Command finished (/session/2793c26c9aa3e456689bab62546b9217/element) with response {
   "sessionId": "2793c26c9aa3e456689bab62546b9217",
   "status": 0,
   "value": {
      "ELEMENT": ":wdc:1362294382351"
   }
}

[14.879][FINE]:     Command received (/session/2793c26c9aa3e456689bab62546b9217/element/:wdc:1362294382351/name)
[14.879][FINER]:    Waiting for all views to stop loading...
[14.879][FINER]:    Done waiting for all views to stop loading
[14.880][FINER]:    Waiting for all views to stop loading...
[14.881][FINER]:    Done waiting for all views to stop loading
[14.881][FINE]:     Command finished (/session/2793c26c9aa3e456689bab62546b9217/element/:wdc:1362294382351/name) with response {
   "sessionId": "2793c26c9aa3e456689bab62546b9217",
   "status": 0,
   "value": "input"
}

[14.881][FINE]:     Command received (/session/2793c26c9aa3e456689bab62546b9217/element/:wdc:1362294382351/attribute/type)
[14.881][FINER]:    Waiting for all views to stop loading...
[14.881][FINER]:    Done waiting for all views to stop loading
[14.886][FINER]:    Waiting for all views to stop loading...
[14.886][FINER]:    Done waiting for all views to stop loading
[14.886][FINE]:     Command finished (/session/2793c26c9aa3e456689bab62546b9217/element/:wdc:1362294382351/attribute/type) with response {
   "sessionId": "2793c26c9aa3e456689bab62546b9217",
   "status": 0,
   "value": "password"
}

[14.887][FINE]:     Command received (/session/2793c26c9aa3e456689bab62546b9217/element/:wdc:1362294382351/attribute/readonly)
[14.887][FINER]:    Waiting for all views to stop loading...
[14.887][FINER]:    Done waiting for all views to stop loading
[14.905][FINER]:    Waiting for all views to stop loading...
[14.906][FINER]:    Done waiting for all views to stop loading
[14.906][FINE]:     Command finished (/session/2793c26c9aa3e456689bab62546b9217/element/:wdc:1362294382351/attribute/readonly) with response {
   "sessionId": "2793c26c9aa3e456689bab62546b9217",
   "status": 0,
   "value": null
}

[14.907][FINE]:     Command received (/session/2793c26c9aa3e456689bab62546b9217/element/:wdc:1362294382351/clear) with params {

}

[14.907][FINER]:    Waiting for all views to stop loading...
[14.907][FINER]:    Done waiting for all views to stop loading
[14.928][FINER]:    Waiting for all views to stop loading...
[14.928][FINER]:    Done waiting for all views to stop loading
[14.928][FINE]:     Command finished (/session/2793c26c9aa3e456689bab62546b9217/element/:wdc:1362294382351/clear) with response {
   "sessionId": "2793c26c9aa3e456689bab62546b9217",
   "status": 0,
   "value": null
}

[14.929][FINE]:     Command received (/session/2793c26c9aa3e456689bab62546b9217/element/:wdc:1362294382351/value) with params {
   "value": [ "asdqwe8080" ]
}

[14.929][FINER]:    Waiting for all views to stop loading...
[14.930][FINER]:    Done waiting for all views to stop loading
[15.121][FINER]:    Waiting for all views to stop loading...
[15.122][FINER]:    Done waiting for all views to stop loading
[15.122][FINE]:     Command finished (/session/2793c26c9aa3e456689bab62546b9217/element/:wdc:1362294382351/value) with response {
   "sessionId": "2793c26c9aa3e456689bab62546b9217",
   "status": 0,
   "value": {

   }
}

[15.123][FINE]:     Command received (/session/2793c26c9aa3e456689bab62546b9217/frame) with params {
   "id": null
}

[15.123][FINER]:    Waiting for all views to stop loading...
[15.123][FINER]:    Done waiting for all views to stop loading
[15.123][FINER]:    Waiting for all views to stop loading...
[15.123][FINER]:    Done waiting for all views to stop loading
[15.123][FINE]:     Command finished (/session/2793c26c9aa3e456689bab62546b9217/frame) with response {
   "sessionId": "2793c26c9aa3e456689bab62546b9217",
   "status": 0,
   "value": {

   }
}

[15.124][FINE]:     Command received (/session/2793c26c9aa3e456689bab62546b9217/element) with params {
   "using": "id",
   "value": "btnRegister"
}

[15.124][FINER]:    Waiting for all views to stop loading...
[15.124][FINER]:    Done waiting for all views to stop loading
[15.133][FINER]:    Waiting for all views to stop loading...
[15.133][FINER]:    Done waiting for all views to stop loading
[15.133][FINE]:     Command finished (/session/2793c26c9aa3e456689bab62546b9217/element) with response {
   "sessionId": "2793c26c9aa3e456689bab62546b9217",
   "status": 0,
   "value": {
      "ELEMENT": ":wdc:1362294382352"
   }
}

[15.134][FINE]:     Command received (/session/2793c26c9aa3e456689bab62546b9217/element/:wdc:1362294382352/name)
[15.134][FINER]:    Waiting for all views to stop loading...
[15.134][FINER]:    Done waiting for all views to stop loading
[15.137][FINER]:    Waiting for all views to stop loading...
[15.138][FINER]:    Done waiting for all views to stop loading
[15.138][FINE]:     Command finished (/session/2793c26c9aa3e456689bab62546b9217/element/:wdc:1362294382352/name) with response {
   "sessionId": "2793c26c9aa3e456689bab62546b9217",
   "status": 0,
   "value": "input"
}

[15.138][FINE]:     Command received (/session/2793c26c9aa3e456689bab62546b9217/element/:wdc:1362294382352/enabled)
[15.138][FINER]:    Waiting for all views to stop loading...
[15.138][FINER]:    Done waiting for all views to stop loading
[15.142][FINER]:    Waiting for all views to stop loading...
[15.143][FINER]:    Done waiting for all views to stop loading
[15.143][FINE]:     Command finished (/session/2793c26c9aa3e456689bab62546b9217/element/:wdc:1362294382352/enabled) with response {
   "sessionId": "2793c26c9aa3e456689bab62546b9217",
   "status": 0,
   "value": true
}

[15.143][FINE]:     Command received (/session/2793c26c9aa3e456689bab62546b9217/element/:wdc:1362294382352/click) with params {

}

[15.143][FINER]:    Waiting for all views to stop loading...
[15.143][FINER]:    Done waiting for all views to stop loading
[15.194][FINER]:    Waiting for all views to stop loading...
[17.056][FINER]:    Done waiting for all views to stop loading
[17.056][FINE]:     Command finished (/session/2793c26c9aa3e456689bab62546b9217/element/:wdc:1362294382352/click) with response {
   "sessionId": "2793c26c9aa3e456689bab62546b9217",
   "status": 0,
   "value": {

   }
}

[17.058][FINE]:     Command received (/session/2793c26c9aa3e456689bab62546b9217/element) with params {
   "using": "tag name",
   "value": "body"
}

[17.058][FINER]:    Waiting for all views to stop loading...
[17.059][FINER]:    Done waiting for all views to stop loading
[17.068][FINER]:    Waiting for all views to stop loading...
[17.069][FINER]:    Done waiting for all views to stop loading
[17.069][FINE]:     Command finished (/session/2793c26c9aa3e456689bab62546b9217/element) with response {
   "sessionId": "2793c26c9aa3e456689bab62546b9217",
   "status": 0,
   "value": {
      "ELEMENT": ":wdc:1362294386294"
   }
}

[17.070][FINE]:     Command received (/session/2793c26c9aa3e456689bab62546b9217/element/:wdc:1362294386294/text)
[17.070][FINER]:    Waiting for all views to stop loading...
[17.070][FINER]:    Done waiting for all views to stop loading
[17.105][FINER]:    Waiting for all views to stop loading...
[17.105][FINER]:    Done waiting for all views to stop loading
[17.105][FINE]:     Command finished (/session/2793c26c9aa3e456689bab62546b9217/element/:wdc:1362294386294/text) with response {
   "sessionId": "2793c26c9aa3e456689bab62546b9217",
   "status": 0,
   "value": "Welcome to Kurrenci!\nCongratulations! Your registration was successful and new money is within yo..."
}

[17.120][FINE]:     Command received (/session/2793c26c9aa3e456689bab62546b9217)
